#
# A fatal error has been detected by the Java Runtime Environment:
#
#  SIGSEGV (0xb) at pc=0x00007f11f5fa399e, pid=7863, tid=139714898831104
#
# JRE version: Java(TM) SE Runtime Environment (7.0_51-b13) (build 1.7.0_51-b13)
# Java VM: Java HotSpot(TM) 64-Bit Server VM (24.51-b03 mixed mode linux-amd64 compressed oops)
# Problematic frame:
# V  [libjvm.so+0x69e99e]  JNIHandles::checked_resolve_jmethod_id(_jmethodID*)+0xe
#
# Failed to write core dump. Core dumps have been disabled. To enable core dumping, try "ulimit -c unlimited" before starting Java again
#
# If you would like to submit a bug report, please visit:
#   http://bugreport.sun.com/bugreport/crash.jsp
#

---------------  T H R E A D  ---------------

Current thread (0x00007f11f0098800):  JavaThread "JDWP Transport Listener: dt_socket" daemon [_thread_in_vm, id=7877, stack(0x00007f11e8da2000,0x00007f11e8ea3000)]

siginfo:si_signo=SIGSEGV: si_errno=0, si_code=128 (), si_addr=0x0000000000000000

Registers:
RAX=0x0000000000000001, RBX=0x00007f11f0003580, RCX=0x00007f11f71662e0, RDX=0x00007f11f6741000
RSP=0x00007f11e8ea1920, RBP=0x00007f11e8ea1930, RSI=0x00007f11f0098800, RDI=0x3b72657a696e6f72
R8 =0x0000000000000000, R9 =0x00007f11f68b9b10, R10=0x0000000000000002, R11=0x00007f11f68f8560
R12=0x0000000000000017, R13=0x3b72657a696e6f72, R14=0x00007f11f0098800, R15=0x00007f11e8ea1a37
RIP=0x00007f11f5fa399e, EFLAGS=0x0000000000010206, CSGSFS=0x0000000000000033, ERR=0x0000000000000000
  TRAPNO=0x000000000000000d

Top of Stack: (sp=0x00007f11e8ea1920)
0x00007f11e8ea1920:   0000000000000074 00007f11f0003580
0x00007f11e8ea1930:   00007f11e8ea19a0 00007f11f5f94dce
0x00007f11e8ea1940:   0000000000000073 00007f11e8ea1950
0x00007f11e8ea1950:   00007f11f0098800 0000000000000000
0x00007f11e8ea1960:   00007f1100000000 0000000000000000
0x00007f11e8ea1970:   00007f11e8ea1990 00007f11f4fbf120
0x00007f11e8ea1980:   3b72657a696e6f72 00007f11e8ea1a37
0x00007f11e8ea1990:   0000000000000006 00007f11e8ea1a37
0x00007f11e8ea19a0:   00007f11e8ea19d0 00007f11f4daa3f2
0x00007f11e8ea19b0:   00007f11e8ea19d0 3b72657a696e6f72
0x00007f11e8ea19c0:   00007f11e8ea1aa0 0000000000000030
0x00007f11e8ea19d0:   00007f11e8ea1a60 00007f11f4d8b9d0
0x00007f11e8ea19e0:   00007f11e8ea1a18 00007f11e8ea1a10
0x00007f11e8ea19f0:   00007f11e8ea1a08 00007f11e8ea1a2c
0x00007f11e8ea1a00:   00000001d000e0a0 0000000000000000
0x00007f11e8ea1a10:   0000000000000000 0000000000000000
0x00007f11e8ea1a20:   00007f11d000e270 00000001e8ea1aa0
0x00007f11e8ea1a30:   0000000000000008 0000000000000002
0x00007f11e8ea1a40:   000000000000000f 0000000000000002
0x00007f11e8ea1a50:   00000000000f0200 000000000000000f
0x00007f11e8ea1a60:   00007f11e8ea1cb0 00007f11f4d968e6
0x00007f11e8ea1a70:   0000034100000013 00007f11f50f0200
0x00007f11e8ea1a80:   00007f11c8000ba0 00007f11f0098800
0x00007f11e8ea1a90:   00007f11e8ea1aa0 00007f11e8ea1c30
0x00007f11e8ea1aa0:   00007f11d0012708 00007f1100000240
0x00007f11e8ea1ab0:   00007f11d0012950 000000000000012c
0x00007f11e8ea1ac0:   00007f11e8ea1af0 00007f11d0012950
0x00007f11e8ea1ad0:   0000000000000000 000003410000001c
0x00007f11e8ea1ae0:   00007f1100001b80 00007f11e8ea1af0
0x00007f11e8ea1af0:   117f000008000000 06000000807207f0
0x00007f11e8ea1b00:   00003e74696e693c 0000005629280300
0x00007f11e8ea1b10:   7f00000100000000 000000b07207f011 

Instructions: (pc=0x00007f11f5fa399e)
0x00007f11f5fa397e:   20 00 e9 52 ff ff ff 90 90 90 90 90 90 90 90 90
0x00007f11f5fa398e:   90 90 55 48 89 e5 53 48 83 ec 08 48 85 ff 74 3c
0x00007f11f5fa399e:   48 8b 1f 48 85 db 74 34 48 b8 fe fe fe fe fe fe
0x00007f11f5fa39ae:   fe fe 48 39 c3 74 25 48 8b 05 ac 9d 75 00 80 38 

Register to memory mapping:

RAX=0x0000000000000001 is an unknown value
RBX=0x00007f11f0003580 is an unknown value
RCX=0x00007f11f71662e0: <offset 0x2182e0> in /lib/x86_64-linux-gnu/libpthread.so.0 at 0x00007f11f6f4e000
RDX=0x00007f11f6741000: <offset 0xe3c000> in /usr/lib/java/jdk1.7.0_51/jre/lib/amd64/server/libjvm.so at 0x00007f11f5905000
RSP=0x00007f11e8ea1920 is pointing into the stack for thread: 0x00007f11f0098800
RBP=0x00007f11e8ea1930 is pointing into the stack for thread: 0x00007f11f0098800
RSI=0x00007f11f0098800 is a thread
RDI=0x3b72657a696e6f72 is an unknown value
R8 =0x0000000000000000 is an unknown value
R9 =0x00007f11f68b9b10: <offset 0x14eb10> in /lib/x86_64-linux-gnu/libc.so.6 at 0x00007f11f676b000
R10=0x0000000000000002 is an unknown value
R11=0x00007f11f68f8560: <offset 0x18d560> in /lib/x86_64-linux-gnu/libc.so.6 at 0x00007f11f676b000
R12=0x0000000000000017 is an unknown value
R13=0x3b72657a696e6f72 is an unknown value
R14=0x00007f11f0098800 is a thread
R15=0x00007f11e8ea1a37 is pointing into the stack for thread: 0x00007f11f0098800


Stack: [0x00007f11e8da2000,0x00007f11e8ea3000],  sp=0x00007f11e8ea1920,  free space=1022k
Native frames: (J=compiled Java code, j=interpreted, Vv=VM code, C=native code)
V  [libjvm.so+0x69e99e]  JNIHandles::checked_resolve_jmethod_id(_jmethodID*)+0xe
V  [libjvm.so+0x68fdce]  jvmti_IsMethodSynthetic+0x23e
C  [libjdwp.so+0x253f2]  isMethodSynthetic+0x42
C  [libjdwp.so+0x69d0]  methods1+0x1b0
C  [libjdwp.so+0x118e6]  debugLoop_run+0x2b6
C  [libjdwp.so+0x2432f]  attachThread+0x2f
V  [libjvm.so+0x6f45a7]  JvmtiAgentThread::call_start_function()+0x97
V  [libjvm.so+0x94d5ff]  JavaThread::thread_main_inner()+0xdf
V  [libjvm.so+0x94d705]  JavaThread::run()+0xf5
V  [libjvm.so+0x815538]  java_start(Thread*)+0x108


---------------  P R O C E S S  ---------------

Java Threads: ( => current thread )
  0x00007f11f00a4000 JavaThread "Service Thread" daemon [_thread_blocked, id=7887, stack(0x00007f11e889d000,0x00007f11e899e000)]
  0x00007f11f00a1800 JavaThread "C2 CompilerThread1" daemon [_thread_blocked, id=7886, stack(0x00007f11e899e000,0x00007f11e8a9f000)]
  0x00007f11f009e800 JavaThread "C2 CompilerThread0" daemon [_thread_blocked, id=7885, stack(0x00007f11e8a9f000,0x00007f11e8ba0000)]
  0x00007f11d0001000 JavaThread "JDWP Command Reader" daemon [_thread_in_native, id=7881, stack(0x00007f11e8ba0000,0x00007f11e8ca1000)]
  0x00007f11f009c000 JavaThread "JDWP Event Helper Thread" daemon [_thread_blocked, id=7879, stack(0x00007f11e8ca1000,0x00007f11e8da2000)]
=>0x00007f11f0098800 JavaThread "JDWP Transport Listener: dt_socket" daemon [_thread_in_vm, id=7877, stack(0x00007f11e8da2000,0x00007f11e8ea3000)]
  0x00007f11f0083800 JavaThread "Signal Dispatcher" daemon [_thread_blocked, id=7875, stack(0x00007f11e90a7000,0x00007f11e91a8000)]
  0x00007f11f006d800 JavaThread "Finalizer" daemon [_thread_blocked, id=7874, stack(0x00007f11e91a8000,0x00007f11e92a9000)]
  0x00007f11f0069800 JavaThread "Reference Handler" daemon [_thread_blocked, id=7873, stack(0x00007f11e92a9000,0x00007f11e93aa000)]
  0x00007f11f000c000 JavaThread "main" [_thread_blocked, id=7865, stack(0x00007f11f726e000,0x00007f11f736f000)]

Other Threads:
  0x00007f11f0067000 VMThread [stack: 0x00007f11e93aa000,0x00007f11e94ab000] [id=7872]
  0x00007f11f00ae800 WatcherThread [stack: 0x00007f11e879c000,0x00007f11e889d000] [id=7888]

VM state:not at safepoint (normal execution)

VM Mutex/Monitor currently owned by a thread: None

Heap
 PSYoungGen      total 18944K, used 2029K [0x00000000eb600000, 0x00000000ecb00000, 0x0000000100000000)
  eden space 16384K, 12% used [0x00000000eb600000,0x00000000eb7fb618,0x00000000ec600000)
  from space 2560K, 0% used [0x00000000ec880000,0x00000000ec880000,0x00000000ecb00000)
  to   space 2560K, 0% used [0x00000000ec600000,0x00000000ec600000,0x00000000ec880000)
 ParOldGen       total 41984K, used 0K [0x00000000c2200000, 0x00000000c4b00000, 0x00000000eb600000)
  object space 41984K, 0% used [0x00000000c2200000,0x00000000c2200000,0x00000000c4b00000)
 PSPermGen       total 21504K, used 2796K [0x00000000bd000000, 0x00000000be500000, 0x00000000c2200000)
  object space 21504K, 13% used [0x00000000bd000000,0x00000000bd2bb190,0x00000000be500000)

Card table byte_map: [0x00007f11ec7b3000,0x00007f11ec9cc000] byte_map_base: 0x00007f11ec1cb000

Polling page: 0x00007f11f738a000

Code Cache  [0x00007f11ec9cc000, 0x00007f11ecc3c000, 0x00007f11ef9cc000)
 total_blobs=175 nmethods=1 adapters=137 free_code_cache=48770Kb largest_free_block=49924800

Compilation events (2 events):
Event: 0,341 Thread 0x00007f11f009e800    1             sun.nio.cs.UTF_8$Encoder::encode (361 bytes)
Event: 0,367 Thread 0x00007f11f009e800 nmethod 1 0x00007f11eca2b2d0 code [0x00007f11eca2b460, 0x00007f11eca2bb28]

GC Heap History (0 events):
No events

Deoptimization events (0 events):
No events

Internal exceptions (9 events):
Event: 0,071 Thread 0x00007f11f000c000 Threw 0x00000000eb6102e0 at /HUDSON/workspace/7u-2-build-linux-amd64@2/jdk7u51/527/hotspot/src/share/vm/prims/jni.cpp:3991
Event: 0,272 Thread 0x00007f11f000c000 Threw 0x00000000eb648718 at /HUDSON/workspace/7u-2-build-linux-amd64@2/jdk7u51/527/hotspot/src/share/vm/prims/jvm.cpp:1244
Event: 0,281 Thread 0x00007f11f000c000 Threw 0x00000000eb64feb0 at /HUDSON/workspace/7u-2-build-linux-amd64@2/jdk7u51/527/hotspot/src/share/vm/prims/jvm.cpp:1244
Event: 0,313 Thread 0x00007f11f000c000 Threw 0x00000000eb7a2880 at /HUDSON/workspace/7u-2-build-linux-amd64@2/jdk7u51/527/hotspot/src/share/vm/prims/jvm.cpp:1244
Event: 0,338 Thread 0x00007f11f000c000 Threw 0x00000000eb7b76b0 at /HUDSON/workspace/7u-2-build-linux-amd64@2/jdk7u51/527/hotspot/src/share/vm/prims/jvm.cpp:1244
Event: 0,338 Thread 0x00007f11f000c000 Threw 0x00000000eb7b77d8 at /HUDSON/workspace/7u-2-build-linux-amd64@2/jdk7u51/527/hotspot/src/share/vm/prims/jvm.cpp:1244
Event: 0,339 Thread 0x00007f11f000c000 Threw 0x00000000eb7b99e0 at /HUDSON/workspace/7u-2-build-linux-amd64@2/jdk7u51/527/hotspot/src/share/vm/prims/jvm.cpp:1244
Event: 0,339 Thread 0x00007f11f000c000 Threw 0x00000000eb7b9b08 at /HUDSON/workspace/7u-2-build-linux-amd64@2/jdk7u51/527/hotspot/src/share/vm/prims/jvm.cpp:1244
Event: 0,350 Thread 0x00007f11f000c000 Threw 0x00000000eb7c0c90 at /HUDSON/workspace/7u-2-build-linux-amd64@2/jdk7u51/527/hotspot/src/share/vm/prims/jni.cpp:717

Events (10 events):
Event: 128,610 Executing VM operation: GetCurrentLocation
Event: 128,610 Executing VM operation: GetCurrentLocation done
Event: 128,610 Executing VM operation: EnterInterpOnlyMode
Event: 128,610 Executing VM operation: EnterInterpOnlyMode done
Event: 128,610 Executing VM operation: ChangeSingleStep
Event: 128,610 Executing VM operation: ChangeSingleStep done
Event: 128,611 Executing VM operation: ChangeSingleStep
Event: 128,611 Executing VM operation: ChangeSingleStep done
Event: 128,615 Executing VM operation: RedefineClasses
Event: 128,615 Executing VM operation: RedefineClasses done


Dynamic libraries:
00400000-00401000 r-xp 00000000 08:01 16648369                           /usr/lib/java/jdk1.7.0_51/bin/java
00600000-00601000 rw-p 00000000 08:01 16648369                           /usr/lib/java/jdk1.7.0_51/bin/java
015bf000-015e0000 rw-p 00000000 00:00 0                                  [heap]
bd000000-be500000 rw-p 00000000 00:00 0 
be500000-c2200000 rw-p 00000000 00:00 0 
c2200000-c4b00000 rw-p 00000000 00:00 0 
c4b00000-eb600000 rw-p 00000000 00:00 0 
eb600000-ecb00000 rw-p 00000000 00:00 0 
ecb00000-100000000 rw-p 00000000 00:00 0 
7f11b4000000-7f11b4021000 rw-p 00000000 00:00 0 
7f11b4021000-7f11b8000000 ---p 00000000 00:00 0 
7f11b8000000-7f11b8021000 rw-p 00000000 00:00 0 
7f11b8021000-7f11bc000000 ---p 00000000 00:00 0 
7f11bc000000-7f11bc0ff000 rw-p 00000000 00:00 0 
7f11bc0ff000-7f11c0000000 ---p 00000000 00:00 0 
7f11c0000000-7f11c0021000 rw-p 00000000 00:00 0 
7f11c0021000-7f11c4000000 ---p 00000000 00:00 0 
7f11c4000000-7f11c4021000 rw-p 00000000 00:00 0 
7f11c4021000-7f11c8000000 ---p 00000000 00:00 0 
7f11c8000000-7f11c8021000 rw-p 00000000 00:00 0 
7f11c8021000-7f11cc000000 ---p 00000000 00:00 0 
7f11cc000000-7f11cc021000 rw-p 00000000 00:00 0 
7f11cc021000-7f11d0000000 ---p 00000000 00:00 0 
7f11d0000000-7f11d002e000 rw-p 00000000 00:00 0 
7f11d002e000-7f11d4000000 ---p 00000000 00:00 0 
7f11d4000000-7f11d4021000 rw-p 00000000 00:00 0 
7f11d4021000-7f11d8000000 ---p 00000000 00:00 0 
7f11d8000000-7f11d8021000 rw-p 00000000 00:00 0 
7f11d8021000-7f11dc000000 ---p 00000000 00:00 0 
7f11dc000000-7f11dc021000 rw-p 00000000 00:00 0 
7f11dc021000-7f11e0000000 ---p 00000000 00:00 0 
7f11e0000000-7f11e0021000 rw-p 00000000 00:00 0 
7f11e0021000-7f11e4000000 ---p 00000000 00:00 0 
7f11e4000000-7f11e4021000 rw-p 00000000 00:00 0 
7f11e4021000-7f11e8000000 ---p 00000000 00:00 0 
7f11e848f000-7f11e86d4000 rw-p 00000000 00:00 0 
7f11e86d4000-7f11e86f7000 r--p 00000000 08:01 14164750                   /usr/share/locale-langpack/it/LC_MESSAGES/libc.mo
7f11e86f7000-7f11e879c000 r--s 009df000 08:01 16384358                   /home/coluzza/Documenti/jars files/htmlunit-2.14-OSGi.jar
7f11e879c000-7f11e879d000 ---p 00000000 00:00 0 
7f11e879d000-7f11e889d000 rw-p 00000000 00:00 0                          [stack:7888]
7f11e889d000-7f11e88a0000 ---p 00000000 00:00 0 
7f11e88a0000-7f11e899e000 rw-p 00000000 00:00 0                          [stack:7887]
7f11e899e000-7f11e89a1000 ---p 00000000 00:00 0 
7f11e89a1000-7f11e8a9f000 rw-p 00000000 00:00 0                          [stack:7886]
7f11e8a9f000-7f11e8aa2000 ---p 00000000 00:00 0 
7f11e8aa2000-7f11e8ba0000 rw-p 00000000 00:00 0                          [stack:7885]
7f11e8ba0000-7f11e8ba3000 ---p 00000000 00:00 0 
7f11e8ba3000-7f11e8ca1000 rw-p 00000000 00:00 0                          [stack:7881]
7f11e8ca1000-7f11e8ca4000 ---p 00000000 00:00 0 
7f11e8ca4000-7f11e8da2000 rw-p 00000000 00:00 0                          [stack:7879]
7f11e8da2000-7f11e8da5000 ---p 00000000 00:00 0 
7f11e8da5000-7f11e8ea3000 rw-p 00000000 00:00 0                          [stack:7877]
7f11e8ea3000-7f11e8ea7000 r-xp 00000000 08:01 17172361                   /usr/lib/java/jdk1.7.0_51/jre/lib/amd64/libdt_socket.so
7f11e8ea7000-7f11e90a6000 ---p 00004000 08:01 17172361                   /usr/lib/java/jdk1.7.0_51/jre/lib/amd64/libdt_socket.so
7f11e90a6000-7f11e90a7000 rw-p 00003000 08:01 17172361                   /usr/lib/java/jdk1.7.0_51/jre/lib/amd64/libdt_socket.so
7f11e90a7000-7f11e90aa000 ---p 00000000 00:00 0 
7f11e90aa000-7f11e91a8000 rw-p 00000000 00:00 0                          [stack:7875]
7f11e91a8000-7f11e91ab000 ---p 00000000 00:00 0 
7f11e91ab000-7f11e92a9000 rw-p 00000000 00:00 0                          [stack:7874]
7f11e92a9000-7f11e92ac000 ---p 00000000 00:00 0 
7f11e92ac000-7f11e93aa000 rw-p 00000000 00:00 0                          [stack:7873]
7f11e93aa000-7f11e93ab000 ---p 00000000 00:00 0 
7f11e93ab000-7f11e9e41000 rw-p 00000000 00:00 0                          [stack:7872]
7f11e9e41000-7f11e9ffe000 r--s 039bf000 08:01 17172403                   /usr/lib/java/jdk1.7.0_51/jre/lib/rt.jar
7f11e9ffe000-7f11ec467000 rw-p 00000000 00:00 0 
7f11ec467000-7f11ec468000 ---p 00000000 00:00 0 
7f11ec468000-7f11ec568000 rw-p 00000000 00:00 0                          [stack:7868]
7f11ec568000-7f11ec569000 ---p 00000000 00:00 0 
7f11ec569000-7f11ec67e000 rw-p 00000000 00:00 0                          [stack:7867]
7f11ec67e000-7f11ec7b3000 rw-p 00000000 00:00 0 
7f11ec7b3000-7f11ec7be000 rw-p 00000000 00:00 0 
7f11ec7be000-7f11ec7dc000 rw-p 00000000 00:00 0 
7f11ec7dc000-7f11ec7f1000 rw-p 00000000 00:00 0 
7f11ec7f1000-7f11ec926000 rw-p 00000000 00:00 0 
7f11ec926000-7f11ec931000 rw-p 00000000 00:00 0 
7f11ec931000-7f11ec9cb000 rw-p 00000000 00:00 0 
7f11ec9cb000-7f11ec9cc000 rw-p 00000000 00:00 0 
7f11ec9cc000-7f11ecc3c000 rwxp 00000000 00:00 0 
7f11ecc3c000-7f11ef9cc000 rw-p 00000000 00:00 0 
7f11ef9cc000-7f11ef9e6000 r-xp 00000000 08:01 17172391                   /usr/lib/java/jdk1.7.0_51/jre/lib/amd64/libzip.so
7f11ef9e6000-7f11efbe6000 ---p 0001a000 08:01 17172391                   /usr/lib/java/jdk1.7.0_51/jre/lib/amd64/libzip.so
7f11efbe6000-7f11efbe7000 rw-p 0001a000 08:01 17172391                   /usr/lib/java/jdk1.7.0_51/jre/lib/amd64/libzip.so
7f11efbe7000-7f11efbf3000 r-xp 00000000 08:01 19140464                   /lib/x86_64-linux-gnu/libnss_files-2.17.so
7f11efbf3000-7f11efdf2000 ---p 0000c000 08:01 19140464                   /lib/x86_64-linux-gnu/libnss_files-2.17.so
7f11efdf2000-7f11efdf3000 r--p 0000b000 08:01 19140464                   /lib/x86_64-linux-gnu/libnss_files-2.17.so
7f11efdf3000-7f11efdf4000 rw-p 0000c000 08:01 19140464                   /lib/x86_64-linux-gnu/libnss_files-2.17.so
7f11efdf4000-7f11efdff000 r-xp 00000000 08:01 19140468                   /lib/x86_64-linux-gnu/libnss_nis-2.17.so
7f11efdff000-7f11efffe000 ---p 0000b000 08:01 19140468                   /lib/x86_64-linux-gnu/libnss_nis-2.17.so
7f11efffe000-7f11effff000 r--p 0000a000 08:01 19140468                   /lib/x86_64-linux-gnu/libnss_nis-2.17.so
7f11effff000-7f11f0000000 rw-p 0000b000 08:01 19140468                   /lib/x86_64-linux-gnu/libnss_nis-2.17.so
7f11f0000000-7f11f0102000 rw-p 00000000 00:00 0 
7f11f0102000-7f11f4000000 ---p 00000000 00:00 0 
7f11f4009000-7f11f405d000 rw-p 00000000 00:00 0 
7f11f405d000-7f11f407b000 rw-p 00000000 00:00 0 
7f11f407b000-7f11f4092000 r-xp 00000000 08:01 19140458                   /lib/x86_64-linux-gnu/libnsl-2.17.so
7f11f4092000-7f11f4291000 ---p 00017000 08:01 19140458                   /lib/x86_64-linux-gnu/libnsl-2.17.so
7f11f4291000-7f11f4292000 r--p 00016000 08:01 19140458                   /lib/x86_64-linux-gnu/libnsl-2.17.so
7f11f4292000-7f11f4293000 rw-p 00017000 08:01 19140458                   /lib/x86_64-linux-gnu/libnsl-2.17.so
7f11f4293000-7f11f4295000 rw-p 00000000 00:00 0 
7f11f4295000-7f11f429d000 r-xp 00000000 08:01 19140460                   /lib/x86_64-linux-gnu/libnss_compat-2.17.so
7f11f429d000-7f11f449c000 ---p 00008000 08:01 19140460                   /lib/x86_64-linux-gnu/libnss_compat-2.17.so
7f11f449c000-7f11f449d000 r--p 00007000 08:01 19140460                   /lib/x86_64-linux-gnu/libnss_compat-2.17.so
7f11f449d000-7f11f449e000 rw-p 00008000 08:01 19140460                   /lib/x86_64-linux-gnu/libnss_compat-2.17.so
7f11f449e000-7f11f4b82000 r--p 00000000 08:01 13113961                   /usr/lib/locale/locale-archive
7f11f4b82000-7f11f4b85000 r-xp 00000000 08:01 17172352                   /usr/lib/java/jdk1.7.0_51/jre/lib/amd64/libnpt.so
7f11f4b85000-7f11f4d84000 ---p 00003000 08:01 17172352                   /usr/lib/java/jdk1.7.0_51/jre/lib/amd64/libnpt.so
7f11f4d84000-7f11f4d85000 rw-p 00002000 08:01 17172352                   /usr/lib/java/jdk1.7.0_51/jre/lib/amd64/libnpt.so
7f11f4d85000-7f11f4dbe000 r-xp 00000000 08:01 17172396                   /usr/lib/java/jdk1.7.0_51/jre/lib/amd64/libjdwp.so
7f11f4dbe000-7f11f4fbe000 ---p 00039000 08:01 17172396                   /usr/lib/java/jdk1.7.0_51/jre/lib/amd64/libjdwp.so
7f11f4fbe000-7f11f4fbf000 rw-p 00039000 08:01 17172396                   /usr/lib/java/jdk1.7.0_51/jre/lib/amd64/libjdwp.so
7f11f4fbf000-7f11f4fc0000 rw-p 00000000 00:00 0 
7f11f4fc0000-7f11f4fe9000 r-xp 00000000 08:01 17172375                   /usr/lib/java/jdk1.7.0_51/jre/lib/amd64/libjava.so
7f11f4fe9000-7f11f51e9000 ---p 00029000 08:01 17172375                   /usr/lib/java/jdk1.7.0_51/jre/lib/amd64/libjava.so
7f11f51e9000-7f11f51eb000 rw-p 00029000 08:01 17172375                   /usr/lib/java/jdk1.7.0_51/jre/lib/amd64/libjava.so
7f11f51eb000-7f11f51f8000 r-xp 00000000 08:01 17172373                   /usr/lib/java/jdk1.7.0_51/jre/lib/amd64/libverify.so
7f11f51f8000-7f11f53f7000 ---p 0000d000 08:01 17172373                   /usr/lib/java/jdk1.7.0_51/jre/lib/amd64/libverify.so
7f11f53f7000-7f11f53f9000 rw-p 0000c000 08:01 17172373                   /usr/lib/java/jdk1.7.0_51/jre/lib/amd64/libverify.so
7f11f53f9000-7f11f5400000 r-xp 00000000 08:01 19140511                   /lib/x86_64-linux-gnu/librt-2.17.so
7f11f5400000-7f11f55ff000 ---p 00007000 08:01 19140511                   /lib/x86_64-linux-gnu/librt-2.17.so
7f11f55ff000-7f11f5600000 r--p 00006000 08:01 19140511                   /lib/x86_64-linux-gnu/librt-2.17.so
7f11f5600000-7f11f5601000 rw-p 00007000 08:01 19140511                   /lib/x86_64-linux-gnu/librt-2.17.so
7f11f5601000-7f11f5704000 r-xp 00000000 08:01 19140439                   /lib/x86_64-linux-gnu/libm-2.17.so
7f11f5704000-7f11f5903000 ---p 00103000 08:01 19140439                   /lib/x86_64-linux-gnu/libm-2.17.so
7f11f5903000-7f11f5904000 r--p 00102000 08:01 19140439                   /lib/x86_64-linux-gnu/libm-2.17.so
7f11f5904000-7f11f5905000 rw-p 00103000 08:01 19140439                   /lib/x86_64-linux-gnu/libm-2.17.so
7f11f5905000-7f11f6467000 r-xp 00000000 08:01 17172381                   /usr/lib/java/jdk1.7.0_51/jre/lib/amd64/server/libjvm.so
7f11f6467000-7f11f6667000 ---p 00b62000 08:01 17172381                   /usr/lib/java/jdk1.7.0_51/jre/lib/amd64/server/libjvm.so
7f11f6667000-7f11f672a000 rw-p 00b62000 08:01 17172381                   /usr/lib/java/jdk1.7.0_51/jre/lib/amd64/server/libjvm.so
7f11f672a000-7f11f676b000 rw-p 00000000 00:00 0 
7f11f676b000-7f11f6928000 r-xp 00000000 08:01 19140388                   /lib/x86_64-linux-gnu/libc-2.17.so
7f11f6928000-7f11f6b28000 ---p 001bd000 08:01 19140388                   /lib/x86_64-linux-gnu/libc-2.17.so
7f11f6b28000-7f11f6b2c000 r--p 001bd000 08:01 19140388                   /lib/x86_64-linux-gnu/libc-2.17.so
7f11f6b2c000-7f11f6b2e000 rw-p 001c1000 08:01 19140388                   /lib/x86_64-linux-gnu/libc-2.17.so
7f11f6b2e000-7f11f6b33000 rw-p 00000000 00:00 0 
7f11f6b33000-7f11f6b36000 r-xp 00000000 08:01 19140403                   /lib/x86_64-linux-gnu/libdl-2.17.so
7f11f6b36000-7f11f6d35000 ---p 00003000 08:01 19140403                   /lib/x86_64-linux-gnu/libdl-2.17.so
7f11f6d35000-7f11f6d36000 r--p 00002000 08:01 19140403                   /lib/x86_64-linux-gnu/libdl-2.17.so
7f11f6d36000-7f11f6d37000 rw-p 00003000 08:01 19140403                   /lib/x86_64-linux-gnu/libdl-2.17.so
7f11f6d37000-7f11f6d4d000 r-xp 00000000 08:01 17170812                   /usr/lib/java/jdk1.7.0_51/lib/amd64/jli/libjli.so
7f11f6d4d000-7f11f6f4d000 ---p 00016000 08:01 17170812                   /usr/lib/java/jdk1.7.0_51/lib/amd64/jli/libjli.so
7f11f6f4d000-7f11f6f4e000 rw-p 00016000 08:01 17170812                   /usr/lib/java/jdk1.7.0_51/lib/amd64/jli/libjli.so
7f11f6f4e000-7f11f6f65000 r-xp 00000000 08:01 19140503                   /lib/x86_64-linux-gnu/libpthread-2.17.so
7f11f6f65000-7f11f7165000 ---p 00017000 08:01 19140503                   /lib/x86_64-linux-gnu/libpthread-2.17.so
7f11f7165000-7f11f7166000 r--p 00017000 08:01 19140503                   /lib/x86_64-linux-gnu/libpthread-2.17.so
7f11f7166000-7f11f7167000 rw-p 00018000 08:01 19140503                   /lib/x86_64-linux-gnu/libpthread-2.17.so
7f11f7167000-7f11f716b000 rw-p 00000000 00:00 0 
7f11f716b000-7f11f718e000 r-xp 00000000 08:01 19140364                   /lib/x86_64-linux-gnu/ld-2.17.so
7f11f7199000-7f11f71b8000 rw-p 00000000 00:00 0 
7f11f71b8000-7f11f726e000 rw-p 00000000 00:00 0 
7f11f726e000-7f11f7271000 ---p 00000000 00:00 0 
7f11f7271000-7f11f7373000 rw-p 00000000 00:00 0                          [stack:7865]
7f11f7378000-7f11f737a000 rw-p 00000000 00:00 0 
7f11f737a000-7f11f7381000 r--s 00000000 08:01 13501570                   /usr/lib/x86_64-linux-gnu/gconv/gconv-modules.cache
7f11f7381000-7f11f7389000 rw-s 00000000 08:01 655390                     /tmp/hsperfdata_coluzza/7863
7f11f7389000-7f11f738a000 rw-p 00000000 00:00 0 
7f11f738a000-7f11f738b000 r--p 00000000 00:00 0 
7f11f738b000-7f11f738d000 rw-p 00000000 00:00 0 
7f11f738d000-7f11f738e000 r--p 00022000 08:01 19140364                   /lib/x86_64-linux-gnu/ld-2.17.so
7f11f738e000-7f11f7390000 rw-p 00023000 08:01 19140364                   /lib/x86_64-linux-gnu/ld-2.17.so
7fffe1058000-7fffe1079000 rw-p 00000000 00:00 0                          [stack]
7fffe11fe000-7fffe1200000 r-xp 00000000 00:00 0                          [vdso]
ffffffffff600000-ffffffffff601000 r-xp 00000000 00:00 0                  [vsyscall]

VM Arguments:
jvm_args: -agentlib:jdwp=transport=dt_socket,suspend=y,address=localhost:34812 -Dfile.encoding=UTF-8 
java_command: it.uniroma3.giw.Crawler
Launcher Type: SUN_STANDARD

Environment Variables:
PATH=/usr/lib/lightdm/lightdm:/usr/local/sbin:/usr/local/bin:/usr/sbin:/usr/bin:/sbin:/bin:/usr/games:/usr/local/games
SHELL=/bin/bash
DISPLAY=:0

Signal Handlers:
SIGSEGV: [libjvm.so+0x993870], sa_mask[0]=0x7ffbfeff, sa_flags=0x10000004
SIGBUS: [libjvm.so+0x993870], sa_mask[0]=0x7ffbfeff, sa_flags=0x10000004
SIGFPE: [libjvm.so+0x8105b0], sa_mask[0]=0x7ffbfeff, sa_flags=0x10000004
SIGPIPE: [libjvm.so+0x8105b0], sa_mask[0]=0x7ffbfeff, sa_flags=0x10000004
SIGXFSZ: [libjvm.so+0x8105b0], sa_mask[0]=0x7ffbfeff, sa_flags=0x10000004
SIGILL: [libjvm.so+0x8105b0], sa_mask[0]=0x7ffbfeff, sa_flags=0x10000004
SIGUSR1: SIG_DFL, sa_mask[0]=0x00000000, sa_flags=0x00000000
SIGUSR2: [libjvm.so+0x811aa0], sa_mask[0]=0x00000004, sa_flags=0x10000004
SIGHUP: [libjvm.so+0x812a10], sa_mask[0]=0x7ffbfeff, sa_flags=0x10000004
SIGINT: [libjvm.so+0x812a10], sa_mask[0]=0x7ffbfeff, sa_flags=0x10000004
SIGTERM: [libjvm.so+0x812a10], sa_mask[0]=0x7ffbfeff, sa_flags=0x10000004
SIGQUIT: [libjvm.so+0x812a10], sa_mask[0]=0x7ffbfeff, sa_flags=0x10000004


---------------  S Y S T E M  ---------------

OS:wheezy/sid

uname:Linux 3.11.0-19-generic #33-Ubuntu SMP Tue Mar 11 18:48:34 UTC 2014 x86_64
libc:glibc 2.17 NPTL 2.17 
rlimit: STACK 8192k, CORE 0k, NPROC 31467, NOFILE 4096, AS infinity
load average:0,71 0,68 0,60

/proc/meminfo:
MemTotal:        4048120 kB
MemFree:          875512 kB
Buffers:          170708 kB
Cached:          1167084 kB
SwapCached:            0 kB
Active:          2325648 kB
Inactive:         584248 kB
Active(anon):    1573308 kB
Inactive(anon):    21860 kB
Active(file):     752340 kB
Inactive(file):   562388 kB
Unevictable:          64 kB
Mlocked:              64 kB
SwapTotal:       4193276 kB
SwapFree:        4193276 kB
Dirty:               264 kB
Writeback:             0 kB
AnonPages:       1572228 kB
Mapped:           224088 kB
Shmem:             23068 kB
Slab:             150632 kB
SReclaimable:     121144 kB
SUnreclaim:        29488 kB
KernelStack:        4152 kB
PageTables:        34484 kB
NFS_Unstable:          0 kB
Bounce:                0 kB
WritebackTmp:          0 kB
CommitLimit:     6217336 kB
Committed_AS:    4876284 kB
VmallocTotal:   34359738367 kB
VmallocUsed:       79116 kB
VmallocChunk:   34359646716 kB
HardwareCorrupted:     0 kB
AnonHugePages:         0 kB
HugePages_Total:       0
HugePages_Free:        0
HugePages_Rsvd:        0
HugePages_Surp:        0
Hugepagesize:       2048 kB
DirectMap4k:      136864 kB
DirectMap2M:     4057088 kB


CPU:total 2 (2 cores per cpu, 1 threads per core) family 6 model 23 stepping 10, cmov, cx8, fxsr, mmx, sse, sse2, sse3, ssse3, sse4.1, tsc

/proc/cpuinfo:
processor	: 0
vendor_id	: GenuineIntel
cpu family	: 6
model		: 23
model name	: Intel(R) Core(TM)2 Duo CPU     T6670  @ 2.20GHz
stepping	: 10
microcode	: 0xa07
cpu MHz		: 2201.000
cache size	: 2048 KB
physical id	: 0
siblings	: 2
core id		: 0
cpu cores	: 2
apicid		: 0
initial apicid	: 0
fpu		: yes
fpu_exception	: yes
cpuid level	: 13
wp		: yes
flags		: fpu vme de pse tsc msr pae mce cx8 apic sep mtrr pge mca cmov pat pse36 clflush dts acpi mmx fxsr sse sse2 ss ht tm pbe syscall nx lm constant_tsc arch_perfmon pebs bts rep_good nopl aperfmperf pni dtes64 monitor ds_cpl vmx est tm2 ssse3 cx16 xtpr pdcm sse4_1 xsave lahf_lm ida dtherm tpr_shadow vnmi flexpriority
bogomips	: 4399.91
clflush size	: 64
cache_alignment	: 64
address sizes	: 36 bits physical, 48 bits virtual
power management:

processor	: 1
vendor_id	: GenuineIntel
cpu family	: 6
model		: 23
model name	: Intel(R) Core(TM)2 Duo CPU     T6670  @ 2.20GHz
stepping	: 10
microcode	: 0xa07
cpu MHz		: 2201.000
cache size	: 2048 KB
physical id	: 0
siblings	: 2
core id		: 1
cpu cores	: 2
apicid		: 1
initial apicid	: 1
fpu		: yes
fpu_exception	: yes
cpuid level	: 13
wp		: yes
flags		: fpu vme de pse tsc msr pae mce cx8 apic sep mtrr pge mca cmov pat pse36 clflush dts acpi mmx fxsr sse sse2 ss ht tm pbe syscall nx lm constant_tsc arch_perfmon pebs bts rep_good nopl aperfmperf pni dtes64 monitor ds_cpl vmx est tm2 ssse3 cx16 xtpr pdcm sse4_1 xsave lahf_lm ida dtherm tpr_shadow vnmi flexpriority
bogomips	: 4399.91
clflush size	: 64
cache_alignment	: 64
address sizes	: 36 bits physical, 48 bits virtual
power management:



Memory: 4k page, physical 4048120k(875512k free), swap 4193276k(4193276k free)

vm_info: Java HotSpot(TM) 64-Bit Server VM (24.51-b03) for linux-amd64 JRE (1.7.0_51-b13), built on Dec 18 2013 18:48:01 by "java_re" with gcc 4.3.0 20080428 (Red Hat 4.3.0-8)

time: Tue May 20 12:42:56 2014
elapsed time: 128 seconds

